<?xml version="1.0" encoding="UTF-8"?>
<!-- Generated by org.testng.reporters.JUnitXMLReporter -->
<testsuite ignored="0" hostname="LAPTOP-UMRC6S6P" failures="0" tests="6" name="Test" time="0.108" errors="0" timestamp="2022-06-06T11:05:04 IST">
  <testcase classname="TestNG.Fail_TC_suit2" name="TC4" time="0.017"/>
  <testcase classname="TestNG.Fail_TC_suit2" name="TC5" time="0.001"/>
  <testcase classname="TestNG.Fail_TC_suit2" name="TC6" time="0.001"/>
  <testcase classname="TestNG.Fail_TC_suit" name="TC1" time="0.002"/>
  <testcase classname="TestNG.Fail_TC_suit" name="TC2" time="0.002"/>
  <testcase classname="TestNG.Fail_TC_suit" name="TC3" time="0.001"/>
</testsuite> <!-- Test -->
