<?xml version="1.0" encoding="UTF-8"?>
<!-- Generated by org.testng.reporters.JUnitXMLReporter -->
<testsuite ignored="4" hostname="LAPTOP-UMRC6S6P" failures="0" tests="2" name="Test(failed)" time="0.056" errors="0" timestamp="2022-05-25T16:48:17 IST">
  <testcase classname="TestNG.Fail_TC_suit2" name="TC5" time="0.008"/>
  <testcase classname="TestNG.Fail_TC_suit" name="TC2" time="0.001"/>
  <testcase classname="TestNG.Fail_TC_suit" name="TC1" time="0.0">
    <ignored/>
  </testcase> <!-- TC1 -->
  <testcase classname="TestNG.Fail_TC_suit" name="TC3" time="0.0">
    <ignored/>
  </testcase> <!-- TC3 -->
  <testcase classname="TestNG.Fail_TC_suit2" name="TC6" time="0.0">
    <ignored/>
  </testcase> <!-- TC6 -->
  <testcase classname="TestNG.Fail_TC_suit2" name="TC4" time="0.0">
    <ignored/>
  </testcase> <!-- TC4 -->
</testsuite> <!-- Test(failed) -->
