<?xml version="1.0" encoding="UTF-8"?>
<testng-results ignored="0" total="2" passed="2" failed="0" skipped="0">
  <reporter-output>
    <line>
      <![CDATA[Open Browser]]>
    </line>
    <line>
      <![CDATA[Login to App]]>
    </line>
    <line>
      <![CDATA[Running TC1]]>
    </line>
    <line>
      <![CDATA[Logout from Application]]>
    </line>
    <line>
      <![CDATA[Login to App]]>
    </line>
    <line>
      <![CDATA[Running TC2]]>
    </line>
    <line>
      <![CDATA[Logout from Application]]>
    </line>
    <line>
      <![CDATA[Close the Browser]]>
    </line>
  </reporter-output>
  <suite started-at="2022-06-25T08:13:18 IST" name="Default suite" finished-at="2022-06-25T08:13:18 IST" duration-ms="64">
    <groups>
    </groups>
    <test started-at="2022-06-25T08:13:18 IST" name="Default test" finished-at="2022-06-25T08:13:18 IST" duration-ms="64">
      <class name="TestNG_Manik.TestNG_Annotations">
        <test-method is-config="true" signature="openBrowser()[pri:0, instance:TestNG_Manik.TestNG_Annotations@56cdfb3b]" started-at="2022-06-25T08:13:18 IST" name="openBrowser" finished-at="2022-06-25T08:13:18 IST" duration-ms="10" status="PASS">
          <reporter-output>
            <line>
              <![CDATA[Open Browser]]>
            </line>
          </reporter-output>
        </test-method> <!-- openBrowser -->
        <test-method is-config="true" signature="loginApp()[pri:0, instance:TestNG_Manik.TestNG_Annotations@56cdfb3b]" started-at="2022-06-25T08:13:18 IST" name="loginApp" finished-at="2022-06-25T08:13:18 IST" duration-ms="1" status="PASS">
          <reporter-output>
            <line>
              <![CDATA[Login to App]]>
            </line>
          </reporter-output>
        </test-method> <!-- loginApp -->
        <test-method signature="verifyPin()[pri:0, instance:TestNG_Manik.TestNG_Annotations@56cdfb3b]" started-at="2022-06-25T08:13:18 IST" name="verifyPin" finished-at="2022-06-25T08:13:18 IST" duration-ms="4" status="PASS">
          <reporter-output>
            <line>
              <![CDATA[Running TC1]]>
            </line>
          </reporter-output>
        </test-method> <!-- verifyPin -->
        <test-method is-config="true" signature="logoutApp()[pri:0, instance:TestNG_Manik.TestNG_Annotations@56cdfb3b]" started-at="2022-06-25T08:13:18 IST" name="logoutApp" finished-at="2022-06-25T08:13:18 IST" duration-ms="0" status="PASS">
          <reporter-output>
            <line>
              <![CDATA[Logout from Application]]>
            </line>
          </reporter-output>
        </test-method> <!-- logoutApp -->
        <test-method signature="verifyUserID()[pri:0, instance:TestNG_Manik.TestNG_Annotations@56cdfb3b]" started-at="2022-06-25T08:13:18 IST" name="verifyUserID" finished-at="2022-06-25T08:13:18 IST" duration-ms="3" status="PASS">
          <reporter-output>
            <line>
              <![CDATA[Running TC2]]>
            </line>
          </reporter-output>
        </test-method> <!-- verifyUserID -->
        <test-method is-config="true" signature="loginApp()[pri:0, instance:TestNG_Manik.TestNG_Annotations@56cdfb3b]" started-at="2022-06-25T08:13:18 IST" name="loginApp" finished-at="2022-06-25T08:13:18 IST" duration-ms="0" status="PASS">
          <reporter-output>
            <line>
              <![CDATA[Login to App]]>
            </line>
          </reporter-output>
        </test-method> <!-- loginApp -->
        <test-method is-config="true" signature="logoutApp()[pri:0, instance:TestNG_Manik.TestNG_Annotations@56cdfb3b]" started-at="2022-06-25T08:13:18 IST" name="logoutApp" finished-at="2022-06-25T08:13:18 IST" duration-ms="0" status="PASS">
          <reporter-output>
            <line>
              <![CDATA[Logout from Application]]>
            </line>
          </reporter-output>
        </test-method> <!-- logoutApp -->
        <test-method is-config="true" signature="closeBrowser()[pri:0, instance:TestNG_Manik.TestNG_Annotations@56cdfb3b]" started-at="2022-06-25T08:13:18 IST" name="closeBrowser" finished-at="2022-06-25T08:13:18 IST" duration-ms="0" status="PASS">
          <reporter-output>
            <line>
              <![CDATA[Close the Browser]]>
            </line>
          </reporter-output>
        </test-method> <!-- closeBrowser -->
      </class> <!-- TestNG_Manik.TestNG_Annotations -->
    </test> <!-- Default test -->
  </suite> <!-- Default suite -->
</testng-results>
