<?xml version="1.0" encoding="UTF-8"?>
<testng-results ignored="0" total="6" passed="6" failed="0" skipped="0">
  <reporter-output>
    <line>
      <![CDATA[Running test case TC4]]>
    </line>
    <line>
      <![CDATA[Running test case TC5]]>
    </line>
    <line>
      <![CDATA[Running test case TC6]]>
    </line>
    <line>
      <![CDATA[Running test case TC1]]>
    </line>
    <line>
      <![CDATA[Running test case TC2]]>
    </line>
    <line>
      <![CDATA[Running test case TC3]]>
    </line>
  </reporter-output>
  <suite started-at="2022-06-06T11:05:04 IST" name="Suite" finished-at="2022-06-06T11:05:04 IST" duration-ms="108">
    <groups>
    </groups>
    <test started-at="2022-06-06T11:05:04 IST" name="Test" finished-at="2022-06-06T11:05:04 IST" duration-ms="108">
      <class name="TestNG.Fail_TC_suit">
        <test-method signature="TC1()[pri:0, instance:TestNG.Fail_TC_suit@759d26fb]" started-at="2022-06-06T11:05:04 IST" name="TC1" finished-at="2022-06-06T11:05:04 IST" duration-ms="2" status="PASS">
          <reporter-output>
            <line>
              <![CDATA[Running test case TC1]]>
            </line>
          </reporter-output>
        </test-method> <!-- TC1 -->
        <test-method signature="TC2()[pri:0, instance:TestNG.Fail_TC_suit@759d26fb]" started-at="2022-06-06T11:05:04 IST" name="TC2" finished-at="2022-06-06T11:05:04 IST" duration-ms="2" status="PASS">
          <reporter-output>
            <line>
              <![CDATA[Running test case TC2]]>
            </line>
          </reporter-output>
        </test-method> <!-- TC2 -->
        <test-method signature="TC3()[pri:0, instance:TestNG.Fail_TC_suit@759d26fb]" started-at="2022-06-06T11:05:04 IST" name="TC3" finished-at="2022-06-06T11:05:04 IST" duration-ms="1" status="PASS">
          <reporter-output>
            <line>
              <![CDATA[Running test case TC3]]>
            </line>
          </reporter-output>
        </test-method> <!-- TC3 -->
      </class> <!-- TestNG.Fail_TC_suit -->
      <class name="TestNG.Fail_TC_suit2">
        <test-method signature="TC4()[pri:0, instance:TestNG.Fail_TC_suit2@6a84a97d]" started-at="2022-06-06T11:05:04 IST" name="TC4" finished-at="2022-06-06T11:05:04 IST" duration-ms="17" status="PASS">
          <reporter-output>
            <line>
              <![CDATA[Running test case TC4]]>
            </line>
          </reporter-output>
        </test-method> <!-- TC4 -->
        <test-method signature="TC5()[pri:0, instance:TestNG.Fail_TC_suit2@6a84a97d]" started-at="2022-06-06T11:05:04 IST" name="TC5" finished-at="2022-06-06T11:05:04 IST" duration-ms="1" status="PASS">
          <reporter-output>
            <line>
              <![CDATA[Running test case TC5]]>
            </line>
          </reporter-output>
        </test-method> <!-- TC5 -->
        <test-method signature="TC6()[pri:0, instance:TestNG.Fail_TC_suit2@6a84a97d]" started-at="2022-06-06T11:05:04 IST" name="TC6" finished-at="2022-06-06T11:05:04 IST" duration-ms="1" status="PASS">
          <reporter-output>
            <line>
              <![CDATA[Running test case TC6]]>
            </line>
          </reporter-output>
        </test-method> <!-- TC6 -->
      </class> <!-- TestNG.Fail_TC_suit2 -->
    </test> <!-- Test -->
  </suite> <!-- Suite -->
</testng-results>
